-------------------------------------------------------------------------------
Test set: com.nttdata.core.authorities.web.AuthorityControllerTestIT
-------------------------------------------------------------------------------
Tests run: 1, Failures: 0, Errors: 1, Skipped: 0, Time elapsed: 0 s <<< FAILURE! - in com.nttdata.core.authorities.web.AuthorityControllerTestIT
com.nttdata.core.authorities.web.AuthorityControllerTestIT  Time elapsed: 0 s  <<< ERROR!
java.lang.IllegalStateException: Previous attempts to find a Docker environment failed. Will not retry. Please see logs and check configuration

