-------------------------------------------------------------------------------
Test set: com.nttdata.ApplicationTestIT
-------------------------------------------------------------------------------
Tests run: 1, Failures: 0, Errors: 1, Skipped: 0, Time elapsed: 1.137 s <<< FAILURE! - in com.nttdata.ApplicationTestIT
com.nttdata.ApplicationTestIT  Time elapsed: 1.136 s  <<< ERROR!
java.lang.IllegalStateException: Could not find a valid Docker environment. Please see logs and check configuration

