-------------------------------------------------------------------------------
Test set: com.nttdata.core.profiles.web.ProfileControllerTestIT
-------------------------------------------------------------------------------
Tests run: 1, Failures: 0, Errors: 1, Skipped: 0, Time elapsed: 0.006 s <<< FAILURE! - in com.nttdata.core.profiles.web.ProfileControllerTestIT
com.nttdata.core.profiles.web.ProfileControllerTestIT  Time elapsed: 0.006 s  <<< ERROR!
java.lang.IllegalStateException: Previous attempts to find a Docker environment failed. Will not retry. Please see logs and check configuration

