-------------------------------------------------------------------------------
Test set: com.nttdata.core.security.listener.SecurityEventListenerTestIT
-------------------------------------------------------------------------------
Tests run: 1, Failures: 0, Errors: 1, Skipped: 0, Time elapsed: 0.014 s <<< FAILURE! - in com.nttdata.core.security.listener.SecurityEventListenerTestIT
com.nttdata.core.security.listener.SecurityEventListenerTestIT  Time elapsed: 0.014 s  <<< ERROR!
java.lang.IllegalStateException: Previous attempts to find a Docker environment failed. Will not retry. Please see logs and check configuration

