-------------------------------------------------------------------------------
Test set: com.nttdata.core.mappings.web.MappingControllerTestIT
-------------------------------------------------------------------------------
Tests run: 1, Failures: 0, Errors: 1, Skipped: 0, Time elapsed: 0.007 s <<< FAILURE! - in com.nttdata.core.mappings.web.MappingControllerTestIT
com.nttdata.core.mappings.web.MappingControllerTestIT  Time elapsed: 0.007 s  <<< ERROR!
java.lang.IllegalStateException: Previous attempts to find a Docker environment failed. Will not retry. Please see logs and check configuration

