-------------------------------------------------------------------------------
Test set: com.nttdata.core.common.web.SecurityTestIT
-------------------------------------------------------------------------------
Tests run: 1, Failures: 0, Errors: 1, Skipped: 0, Time elapsed: 0.015 s <<< FAILURE! - in com.nttdata.core.common.web.SecurityTestIT
com.nttdata.core.common.web.SecurityTestIT  Time elapsed: 0.015 s  <<< ERROR!
java.lang.IllegalStateException: Previous attempts to find a Docker environment failed. Will not retry. Please see logs and check configuration

