-------------------------------------------------------------------------------
Test set: com.nttdata.core.ui.service.impl.UIServiceImplTestIT
-------------------------------------------------------------------------------
Tests run: 1, Failures: 0, Errors: 1, Skipped: 0, Time elapsed: 0.001 s <<< FAILURE! - in com.nttdata.core.ui.service.impl.UIServiceImplTestIT
com.nttdata.core.ui.service.impl.UIServiceImplTestIT  Time elapsed: 0.001 s  <<< ERROR!
java.lang.IllegalStateException: Previous attempts to find a Docker environment failed. Will not retry. Please see logs and check configuration

